MPASM  5.37                           DNY.ASM   11-26-2018  23:09:46         PAGE  1


LOC  OBJECT CODE     LINE SOURCE TEXT
  VALUE

Warning[205]: Found directive in column 1. (LIST)
                      00001 LIST P=16F877A
                      00002 #include<p16f877a.inc>
                      00001         LIST
                      00002 ; P16F877A.INC  Standard Header File, Version 1.00    Microchip Technology, Inc.
                      00400         LIST
Warning[205]: Found directive in column 1. (__config)
2007   3F31           00003 __config H'3F31'
                      00004 
  00000022            00005 COUNTER         EQU     0X22
  00000023            00006 COUNTER2        EQU     0X23
                      00007 
0000                  00008         ORG             0X000
0000   2801           00009         GOTO    SETUP1
                      00010         
0001                  00011 SETUP1
                      00012 
0001   1683 1303      00013         BANKSEL ADCON1
0003   3006           00014         MOVLW   0X06
Message[302]: Register in operand not in bank 0.  Ensure that bank bits are correct.
0004   009F           00015         MOVWF   ADCON1
                      00016         
0005   1683 1303      00017         BANKSEL TRISA
0007   30FF           00018         MOVLW   0XFF
Message[302]: Register in operand not in bank 0.  Ensure that bank bits are correct.
0008   0085           00019         MOVWF   TRISA
Message[302]: Register in operand not in bank 0.  Ensure that bank bits are correct.
0009   0187           00020         CLRF    TRISC
                      00021         
000A   1283 1303      00022         BANKSEL PORTA
000C   0185           00023         CLRF    PORTA
000D   0187           00024         CLRF    PORTC
                      00025 
000E   282E           00026         GOTO    PWM_ON
                      00027 
000F                  00028 SETUP2
                      00029 
000F   1683 1303      00030         BANKSEL PR2
0011   3018           00031         MOVLW   0X18 ;D'24'
Message[302]: Register in operand not in bank 0.  Ensure that bank bits are correct.
0012   0092           00032         MOVWF   PR2
                      00033 
0013   1283 1303      00034         BANKSEL CCPR1L  
0015   3019           00035         MOVLW   0X19 ;D'25' 
0016   0095           00036         MOVWF   CCPR1L  
0017   009B           00037         MOVWF   CCPR2L
                      00038 
0018   1283 1303      00039         BANKSEL CCP1CON
001A   300C           00040         MOVLW   B'00001100' ; 
001B   0097           00041         MOVWF   CCP1CON
001C   009D           00042         MOVWF   CCP2CON
                      00043 
001D   1283 1303      00044         BANKSEL T2CON
MPASM  5.37                           DNY.ASM   11-26-2018  23:09:46         PAGE  2


LOC  OBJECT CODE     LINE SOURCE TEXT
  VALUE

001F   3005           00045         MOVLW   0X05  ;B'00000101' PS -> 4
0020   0092           00046         MOVWF   T2CON
                      00047 
0021                  00048 LOOP
                      00049 
0021   1805           00050         BTFSC   PORTA,0 ;PWM ON
0022   202E           00051         CALL    PWM_ON
0023   1885           00052         BTFSC   PORTA,1 ;PWM OFF
0024   2031           00053         CALL    PWM_OFF
0025   1905           00054         BTFSC   PORTA,2 ;LED_INC
0026   2038           00055         CALL    LED_INC
0027   1985           00056         BTFSC   PORTA,3 ;LED_DEC
0028   2040           00057         CALL    LED_DEC
0029   1A05           00058         BTFSC   PORTA,4 ;ENGINE_INC
002A   2048           00059         CALL    ENGINE_INC
002B   1A85           00060         BTFSC   PORTA,5 ;ENGINE_DEC
002C   2050           00061         CALL    ENGINE_DEC
                      00062 
002D   2821           00063         GOTO    LOOP
                      00064 
002E                  00065 PWM_ON
                      00066 
002E   1805           00067         BTFSC   PORTA,0
002F   280F           00068         GOTO    SETUP2
0030   282E           00069         GOTO    PWM_ON
                      00070 
0031                  00071 PWM_OFF
                      00072 
0031   1283 1303      00073         BANKSEL T2CON
0033   0192           00074         CLRF    T2CON
0034   0197           00075         CLRF    CCP1CON
0035   019D           00076         CLRF    CCP2CON
0036   2058           00077         CALL    DELAY
0037   0008           00078         RETURN
                      00079 
0038                  00080 LED_INC
                      00081 
0038   3019           00082         MOVLW   D'25'
0039   021B           00083         SUBWF   CCPR2L,W
003A   1903           00084         BTFSC   STATUS,Z
003B   0008           00085         RETURN
003C   3005           00086         MOVLW   D'5'
003D   079B           00087         ADDWF   CCPR2L,F
003E   2058           00088         CALL    DELAY
                      00089 
003F   0008           00090         RETURN
                      00091 
0040                  00092 LED_DEC
                      00093 
0040   3000           00094         MOVLW   D'0'
0041   021B           00095         SUBWF   CCPR2L,W
0042   1903           00096         BTFSC   STATUS,Z
0043   0008           00097         RETURN
MPASM  5.37                           DNY.ASM   11-26-2018  23:09:46         PAGE  3


LOC  OBJECT CODE     LINE SOURCE TEXT
  VALUE

0044   3005           00098         MOVLW   D'5'
0045   029B           00099         SUBWF   CCPR2L,F
0046   2058           00100         CALL    DELAY
                      00101 
0047   0008           00102         RETURN
                      00103 
0048                  00104 ENGINE_INC
                      00105 
0048   3019           00106         MOVLW   D'25'
0049   0215           00107         SUBWF   CCPR1L,W
004A   1903           00108         BTFSC   STATUS,Z
004B   0008           00109         RETURN
004C   3005           00110         MOVLW   D'5'
004D   0795           00111         ADDWF   CCPR1L,F
004E   2058           00112         CALL    DELAY
                      00113 
004F   0008           00114         RETURN
                      00115 
0050                  00116 ENGINE_DEC
                      00117 
0050   3000           00118         MOVLW   D'0'
0051   0215           00119         SUBWF   CCPR1L,W
0052   1903           00120         BTFSC   STATUS,Z
0053   0008           00121         RETURN
0054   3005           00122         MOVLW   D'5'
0055   0295           00123         SUBWF   CCPR1L,F
0056   2058           00124         CALL    DELAY
                      00125 
0057   0008           00126         RETURN
                      00127         
0058                  00128 DELAY
0058   30FF           00129         MOVLW   0XFF
0059   00A2           00130         MOVWF   COUNTER
                      00131         
005A                  00132 D1
005A   30FF           00133         MOVLW   0XFF
005B   00A3           00134         MOVWF   COUNTER2
                      00135 
005C                  00136 D2
Message[305]: Using default destination of 1 (file).
005C   0BA3           00137         DECFSZ  COUNTER2
005D   285C           00138         GOTO    D2
Message[305]: Using default destination of 1 (file).
005E   0BA2           00139         DECFSZ  COUNTER
005F   285A           00140         GOTO    D1
0060   0008           00141         RETURN
                      00142 
Warning[205]: Found directive in column 1. (END)
                      00143 END
MPASM  5.37                           DNY.ASM   11-26-2018  23:09:46         PAGE  4


SYMBOL TABLE
  LABEL                             VALUE 

ACKDT                             00000005
ACKEN                             00000004
ACKSTAT                           00000006
ADCON0                            0000001F
ADCON1                            0000009F
ADCS0                             00000006
ADCS1                             00000007
ADCS2                             00000006
ADDEN                             00000003
ADFM                              00000007
ADIE                              00000006
ADIF                              00000006
ADON                              00000000
ADRESH                            0000001E
ADRESL                            0000009E
BCLIE                             00000003
BCLIF                             00000003
BF                                00000000
BRGH                              00000002
C                                 00000000
C1INV                             00000004
C1OUT                             00000006
C2INV                             00000005
C2OUT                             00000007
CCP1CON                           00000017
CCP1IE                            00000002
CCP1IF                            00000002
CCP1M0                            00000000
CCP1M1                            00000001
CCP1M2                            00000002
CCP1M3                            00000003
CCP1X                             00000005
CCP1Y                             00000004
CCP2CON                           0000001D
CCP2IE                            00000000
CCP2IF                            00000000
CCP2M0                            00000000
CCP2M1                            00000001
CCP2M2                            00000002
CCP2M3                            00000003
CCP2X                             00000005
CCP2Y                             00000004
CCPR1H                            00000016
CCPR1L                            00000015
CCPR2H                            0000001C
CCPR2L                            0000001B
CHS0                              00000003
CHS1                              00000004
CHS2                              00000005
CIS                               00000003
CKE                               00000006
CKP                               00000004
CM0                               00000000
MPASM  5.37                           DNY.ASM   11-26-2018  23:09:46         PAGE  5


SYMBOL TABLE
  LABEL                             VALUE 

CM1                               00000001
CM2                               00000002
CMCON                             0000009C
CMIE                              00000006
CMIF                              00000006
COUNTER                           00000022
COUNTER2                          00000023
CREN                              00000004
CSRC                              00000007
CVR0                              00000000
CVR1                              00000001
CVR2                              00000002
CVR3                              00000003
CVRCON                            0000009D
CVREN                             00000007
CVROE                             00000006
CVRR                              00000005
D                                 00000005
D1                                0000005A
D2                                0000005C
DATA_ADDRESS                      00000005
DC                                00000001
DELAY                             00000058
D_A                               00000005
EEADR                             0000010D
EEADRH                            0000010F
EECON1                            0000018C
EECON2                            0000018D
EEDATA                            0000010C
EEDATH                            0000010E
EEIE                              00000004
EEIF                              00000004
EEPGD                             00000007
ENGINE_DEC                        00000050
ENGINE_INC                        00000048
F                                 00000001
FERR                              00000002
FSR                               00000004
GCEN                              00000007
GIE                               00000007
GO                                00000002
GO_DONE                           00000002
I2C_DATA                          00000005
I2C_READ                          00000002
I2C_START                         00000003
I2C_STOP                          00000004
IBF                               00000007
IBOV                              00000005
INDF                              00000000
INTCON                            0000000B
INTE                              00000004
INTEDG                            00000006
INTF                              00000001
MPASM  5.37                           DNY.ASM   11-26-2018  23:09:46         PAGE  6


SYMBOL TABLE
  LABEL                             VALUE 

IRP                               00000007
LED_DEC                           00000040
LED_INC                           00000038
LOOP                              00000021
NOT_A                             00000005
NOT_ADDRESS                       00000005
NOT_BO                            00000000
NOT_BOR                           00000000
NOT_DONE                          00000002
NOT_PD                            00000003
NOT_POR                           00000001
NOT_RBPU                          00000007
NOT_RC8                           00000006
NOT_T1SYNC                        00000002
NOT_TO                            00000004
NOT_TX8                           00000006
NOT_W                             00000002
NOT_WRITE                         00000002
OBF                               00000006
OERR                              00000001
OPTION_REG                        00000081
P                                 00000004
PCFG0                             00000000
PCFG1                             00000001
PCFG2                             00000002
PCFG3                             00000003
PCL                               00000002
PCLATH                            0000000A
PCON                              0000008E
PEIE                              00000006
PEN                               00000002
PIE1                              0000008C
PIE2                              0000008D
PIR1                              0000000C
PIR2                              0000000D
PORTA                             00000005
PORTB                             00000006
PORTC                             00000007
PORTD                             00000008
PORTE                             00000009
PR2                               00000092
PS0                               00000000
PS1                               00000001
PS2                               00000002
PSA                               00000003
PSPIE                             00000007
PSPIF                             00000007
PSPMODE                           00000004
PWM_OFF                           00000031
PWM_ON                            0000002E
R                                 00000002
RBIE                              00000003
RBIF                              00000000
MPASM  5.37                           DNY.ASM   11-26-2018  23:09:46         PAGE  7


SYMBOL TABLE
  LABEL                             VALUE 

RC8_9                             00000006
RC9                               00000006
RCD8                              00000000
RCEN                              00000003
RCIE                              00000005
RCIF                              00000005
RCREG                             0000001A
RCSTA                             00000018
RD                                00000000
READ_WRITE                        00000002
RP0                               00000005
RP1                               00000006
RSEN                              00000001
RX9                               00000006
RX9D                              00000000
R_W                               00000002
S                                 00000003
SEN                               00000000
SETUP1                            00000001
SETUP2                            0000000F
SMP                               00000007
SPBRG                             00000099
SPEN                              00000007
SREN                              00000005
SSPADD                            00000093
SSPBUF                            00000013
SSPCON                            00000014
SSPCON2                           00000091
SSPEN                             00000005
SSPIE                             00000003
SSPIF                             00000003
SSPM0                             00000000
SSPM1                             00000001
SSPM2                             00000002
SSPM3                             00000003
SSPOV                             00000006
SSPSTAT                           00000094
STATUS                            00000003
SYNC                              00000004
T0CS                              00000005
T0IE                              00000005
T0IF                              00000002
T0SE                              00000004
T1CKPS0                           00000004
T1CKPS1                           00000005
T1CON                             00000010
T1INSYNC                          00000002
T1OSCEN                           00000003
T1SYNC                            00000002
T2CKPS0                           00000000
T2CKPS1                           00000001
T2CON                             00000012
TMR0                              00000001
MPASM  5.37                           DNY.ASM   11-26-2018  23:09:46         PAGE  8


SYMBOL TABLE
  LABEL                             VALUE 

TMR0IE                            00000005
TMR0IF                            00000002
TMR1CS                            00000001
TMR1H                             0000000F
TMR1IE                            00000000
TMR1IF                            00000000
TMR1L                             0000000E
TMR1ON                            00000000
TMR2                              00000011
TMR2IE                            00000001
TMR2IF                            00000001
TMR2ON                            00000002
TOUTPS0                           00000003
TOUTPS1                           00000004
TOUTPS2                           00000005
TOUTPS3                           00000006
TRISA                             00000085
TRISB                             00000086
TRISC                             00000087
TRISD                             00000088
TRISE                             00000089
TRISE0                            00000000
TRISE1                            00000001
TRISE2                            00000002
TRMT                              00000001
TX8_9                             00000006
TX9                               00000006
TX9D                              00000000
TXD8                              00000000
TXEN                              00000005
TXIE                              00000004
TXIF                              00000004
TXREG                             00000019
TXSTA                             00000098
UA                                00000001
W                                 00000000
WCOL                              00000007
WR                                00000001
WREN                              00000002
WRERR                             00000003
Z                                 00000002
_BODEN_OFF                        00003FBF
_BODEN_ON                         00003FFF
_CPD_OFF                          00003FFF
_CPD_ON                           00003EFF
_CP_ALL                           00001FFF
_CP_OFF                           00003FFF
_DEBUG_OFF                        00003FFF
_DEBUG_ON                         000037FF
_HS_OSC                           00003FFE
_LP_OSC                           00003FFC
_LVP_OFF                          00003F7F
_LVP_ON                           00003FFF
MPASM  5.37                           DNY.ASM   11-26-2018  23:09:46         PAGE  9


SYMBOL TABLE
  LABEL                             VALUE 

_PWRTE_OFF                        00003FFF
_PWRTE_ON                         00003FF7
_RC_OSC                           00003FFF
_WDT_OFF                          00003FFB
_WDT_ON                           00003FFF
_WRT_1FOURTH                      00003BFF
_WRT_256                          00003DFF
_WRT_HALF                         000039FF
_WRT_OFF                          00003FFF
_XT_OSC                           00003FFD
__16F877A                         00000001
__DEBUG                           1


MEMORY USAGE MAP ('X' = Used,  '-' = Unused)

0000 : XXXXXXXXXXXXXXXX XXXXXXXXXXXXXXXX XXXXXXXXXXXXXXXX XXXXXXXXXXXXXXXX
0040 : XXXXXXXXXXXXXXXX XXXXXXXXXXXXXXXX X--------------- ----------------
2000 : -------X-------- ---------------- ---------------- ----------------

All other memory blocks unused.

Program Memory Words Used:    97
Program Memory Words Free:  8095


Errors   :     0
Warnings :     3 reported,     0 suppressed
Messages :     6 reported,     0 suppressed

