MPASM  5.37                         DNY-3.ASM   11-6-2018  22:04:07         PAGE  1


LOC  OBJECT CODE     LINE SOURCE TEXT
  VALUE

Warning[205]: Found directive in column 1. (list)
                      00001 list p=16F877
Warning[205]: Found directive in column 1. (INCLUDE)
                      00002 INCLUDE <P16F877.INC>
                      00001         LIST
                      00002 ; P16F877.INC  Standard Header File, Version 1.00    Microchip Technology, Inc.
                      00373         LIST
Warning[205]: Found directive in column 1. (__config)
2007   3F31           00003 __config H'3F31'
                      00004 
  00000022            00005 COUNTER         EQU     0X22
  00000023            00006 REFERENCE       EQU     0X23
                      00007 
  00000024            00008 COUNTER2        EQU     0X24
  00000025            00009 COUNTER3        EQU     0X25
                      00010 
  00000026            00011 SAYI1           EQU     0X26
  00000027            00012 SAYI2           EQU     0X27            
                      00013 
0000                  00014         ORG     0X00
0000   281F           00015         GOTO    SETUP
                      00016 
0004                  00017         ORG     0X04
0004   2805           00018         GOTO    INTERRUPT
                      00019 
0005                  00020 INTERRUPT
                      00021 
0005   1C0C           00022         BTFSS   PIR1,TMR1IF
Warning[203]: Found opcode in column 1. (RETFIE)
0006   0009           00023 RETFIE
0007   100C           00024         BCF             PIR1,TMR1IF
                      00025         
0008   1283 1303      00026         BANKSEL TMR1H
                      00027 
000A   303C           00028         MOVLW   0X3C
000B   008F           00029         MOVWF   TMR1H
000C   30B0           00030         MOVLW   0XB0
000D   008E           00031         MOVWF   TMR1L
000E   0BA2           00032         DECFSZ  COUNTER,1
Warning[203]: Found opcode in column 1. (RETFIE)
000F   0009           00033 RETFIE
0010   300A           00034         MOVLW   0X0A
0011   00A2           00035         MOVWF   COUNTER
                      00036 ;<------------------->
0012   0AA7           00037         INCF    SAYI2,F 
0013   300A           00038         MOVLW   0X0A
0014   0227           00039         SUBWF   SAYI2,W
0015   1D03           00040         BTFSS   STATUS,Z
Warning[203]: Found opcode in column 1. (RETFIE)
0016   0009           00041 RETFIE
0017   01A7           00042         CLRF    SAYI2
Message[305]: Using default destination of 1 (file).
0018   0AA6           00043         INCF    SAYI1
MPASM  5.37                         DNY-3.ASM   11-6-2018  22:04:07         PAGE  2


LOC  OBJECT CODE     LINE SOURCE TEXT
  VALUE

0019   3006           00044         MOVLW   0X06
001A   0226           00045         SUBWF   SAYI1,W
001B   1903           00046         BTFSC   STATUS,Z
001C   01A6           00047         CLRF    SAYI1
001D   01A7           00048         CLRF    SAYI2
Warning[203]: Found opcode in column 1. (RETFIE)
001E   0009           00049 RETFIE
                      00050 ;<------------------->
                      00051 
                      00052         
001F                  00053 SETUP
                      00054         
001F   1683 1303      00055         BANKSEL ADCON1
0021   3006           00056         MOVLW   0X06
Message[302]: Register in operand not in bank 0.  Ensure that bank bits are correct.
0022   009F           00057         MOVWF   ADCON1
                      00058 
0023   1683 1303      00059         BANKSEL TRISB
Message[302]: Register in operand not in bank 0.  Ensure that bank bits are correct.
0025   0185           00060         CLRF    TRISA
Message[302]: Register in operand not in bank 0.  Ensure that bank bits are correct.
0026   0186           00061         CLRF    TRISB
0027   1283 1303      00062         BANKSEL PORTB
0029   0185           00063         CLRF    PORTA
002A   0186           00064         CLRF    PORTB
                      00065 
002B   1283 1303      00066         BANKSEL INTCON
002D   178B           00067         BSF             INTCON,GIE
002E   170B           00068         BSF             INTCON,PEIE
                      00069 
002F   1683 1303      00070         BANKSEL PIE1
Message[302]: Register in operand not in bank 0.  Ensure that bank bits are correct.
0031   140C           00071         BSF             PIE1,TMR1IE
                      00072 
0032   1283 1303      00073         BANKSEL TMR1H
0034   303C           00074         MOVLW   0X3C
0035   008F           00075         MOVWF   TMR1H
0036   30B0           00076         MOVLW   0XB0
0037   008E           00077         MOVWF   TMR1L
                      00078 
0038   1283 1303      00079         BANKSEL T1CON
003A   3011           00080         MOVLW   B'00010001'
003B   0090           00081         MOVWF   T1CON
                      00082 
003C   1283 1303      00083         BANKSEL COUNTER
003E   300A           00084         MOVLW   0x0A
003F   00A2           00085         MOVWF   COUNTER
                      00086 
0040   01A6           00087         CLRF SAYI1
0041   01A7           00088         CLRF SAYI2
                      00089 
0042                  00090 MAIN
                      00091 
MPASM  5.37                         DNY-3.ASM   11-6-2018  22:04:07         PAGE  3


LOC  OBJECT CODE     LINE SOURCE TEXT
  VALUE

0042   1085           00092         BCF             PORTA,1     
0043   0826           00093         MOVF    SAYI1,W     
0044   2051           00094         CALL    LOOKUP      
0045   1405           00095         BSF             PORTA,0     
0046   0086           00096         MOVWF   PORTB       
0047   205C           00097         CALL    DELAY   
0048   0186           00098         CLRF    PORTB       
                      00099 ;>------------------------<
0049   1005           00100         BCF             PORTA,0     
004A   0827           00101         MOVF    SAYI2,W     
004B   2051           00102         CALL    LOOKUP      
004C   1485           00103         BSF             PORTA,1     
004D   0086           00104         MOVWF   PORTB       
004E   205C           00105         CALL    DELAY
004F   0186           00106         CLRF    PORTB       
                      00107 
0050   2842           00108         GOTO MAIN
                      00109 
0051                  00110 LOOKUP
0051   0782           00111     ADDWF   PCL,F
0052   343F           00112     RETLW   B'00111111' 
0053   3406           00113     RETLW   B'00000110' 
0054   345B           00114     RETLW   B'01011011' 
0055   344F           00115     RETLW   B'01001111' 
0056   3466           00116     RETLW   B'01100110' 
0057   346D           00117     RETLW   B'01101101' 
0058   347D           00118     RETLW   B'01111101' 
0059   3407           00119     RETLW   B'00000111' 
005A   347F           00120     RETLW   B'01111111'
005B   346F           00121         RETLW   B'01101111'
                      00122 
005C                  00123 DELAY
                      00124         
005C   3010           00125         MOVLW   0X10    
005D   00A4           00126         MOVWF   COUNTER2
                      00127 
005E                  00128 D1      
                      00129         
005E   3010           00130         MOVLW   0X10
005F   00A5           00131         MOVWF   COUNTER3
                      00132 
0060                  00133 D2
                      00134         
Message[305]: Using default destination of 1 (file).
0060   0BA5           00135         DECFSZ  COUNTER3
0061   2860           00136         GOTO    D2
Message[305]: Using default destination of 1 (file).
0062   0BA4           00137         DECFSZ  COUNTER2
0063   285E           00138         GOTO    D1
0064   0008           00139         RETURN
                      00140         
Warning[205]: Found directive in column 1. (END)
                      00141 END
MPASM  5.37                         DNY-3.ASM   11-6-2018  22:04:07         PAGE  4


SYMBOL TABLE
  LABEL                             VALUE 

ACKDT                             00000005
ACKEN                             00000004
ACKSTAT                           00000006
ADCON0                            0000001F
ADCON1                            0000009F
ADCS0                             00000006
ADCS1                             00000007
ADDEN                             00000003
ADFM                              00000007
ADIE                              00000006
ADIF                              00000006
ADON                              00000000
ADRESH                            0000001E
ADRESL                            0000009E
BCLIE                             00000003
BCLIF                             00000003
BF                                00000000
BRGH                              00000002
C                                 00000000
CCP1CON                           00000017
CCP1IE                            00000002
CCP1IF                            00000002
CCP1M0                            00000000
CCP1M1                            00000001
CCP1M2                            00000002
CCP1M3                            00000003
CCP1X                             00000005
CCP1Y                             00000004
CCP2CON                           0000001D
CCP2IE                            00000000
CCP2IF                            00000000
CCP2M0                            00000000
CCP2M1                            00000001
CCP2M2                            00000002
CCP2M3                            00000003
CCP2X                             00000005
CCP2Y                             00000004
CCPR1H                            00000016
CCPR1L                            00000015
CCPR2H                            0000001C
CCPR2L                            0000001B
CHS0                              00000003
CHS1                              00000004
CHS2                              00000005
CKE                               00000006
CKP                               00000004
COUNTER                           00000022
COUNTER2                          00000024
COUNTER3                          00000025
CREN                              00000004
CSRC                              00000007
D                                 00000005
D1                                0000005E
MPASM  5.37                         DNY-3.ASM   11-6-2018  22:04:07         PAGE  5


SYMBOL TABLE
  LABEL                             VALUE 

D2                                00000060
DATA_ADDRESS                      00000005
DC                                00000001
DELAY                             0000005C
D_A                               00000005
EEADR                             0000010D
EEADRH                            0000010F
EECON1                            0000018C
EECON2                            0000018D
EEDATA                            0000010C
EEDATH                            0000010E
EEIE                              00000004
EEIF                              00000004
EEPGD                             00000007
F                                 00000001
FERR                              00000002
FSR                               00000004
GCEN                              00000007
GIE                               00000007
GO                                00000002
GO_DONE                           00000002
I2C_DATA                          00000005
I2C_READ                          00000002
I2C_START                         00000003
I2C_STOP                          00000004
IBF                               00000007
IBOV                              00000005
INDF                              00000000
INTCON                            0000000B
INTE                              00000004
INTEDG                            00000006
INTERRUPT                         00000005
INTF                              00000001
IRP                               00000007
LOOKUP                            00000051
MAIN                              00000042
NOT_A                             00000005
NOT_ADDRESS                       00000005
NOT_BO                            00000000
NOT_BOR                           00000000
NOT_DONE                          00000002
NOT_PD                            00000003
NOT_POR                           00000001
NOT_RBPU                          00000007
NOT_RC8                           00000006
NOT_T1SYNC                        00000002
NOT_TO                            00000004
NOT_TX8                           00000006
NOT_W                             00000002
NOT_WRITE                         00000002
OBF                               00000006
OERR                              00000001
OPTION_REG                        00000081
MPASM  5.37                         DNY-3.ASM   11-6-2018  22:04:07         PAGE  6


SYMBOL TABLE
  LABEL                             VALUE 

P                                 00000004
PCFG0                             00000000
PCFG1                             00000001
PCFG2                             00000002
PCFG3                             00000003
PCL                               00000002
PCLATH                            0000000A
PCON                              0000008E
PEIE                              00000006
PEN                               00000002
PIE1                              0000008C
PIE2                              0000008D
PIR1                              0000000C
PIR2                              0000000D
PORTA                             00000005
PORTB                             00000006
PORTC                             00000007
PORTD                             00000008
PORTE                             00000009
PR2                               00000092
PS0                               00000000
PS1                               00000001
PS2                               00000002
PSA                               00000003
PSPIE                             00000007
PSPIF                             00000007
PSPMODE                           00000004
R                                 00000002
RBIE                              00000003
RBIF                              00000000
RC8_9                             00000006
RC9                               00000006
RCD8                              00000000
RCEN                              00000003
RCIE                              00000005
RCIF                              00000005
RCREG                             0000001A
RCSTA                             00000018
RD                                00000000
READ_WRITE                        00000002
REFERENCE                         00000023
RP0                               00000005
RP1                               00000006
RSEN                              00000001
RX9                               00000006
RX9D                              00000000
R_W                               00000002
S                                 00000003
SAYI1                             00000026
SAYI2                             00000027
SEN                               00000000
SETUP                             0000001F
SMP                               00000007
MPASM  5.37                         DNY-3.ASM   11-6-2018  22:04:07         PAGE  7


SYMBOL TABLE
  LABEL                             VALUE 

SPBRG                             00000099
SPEN                              00000007
SREN                              00000005
SSPADD                            00000093
SSPBUF                            00000013
SSPCON                            00000014
SSPCON2                           00000091
SSPEN                             00000005
SSPIE                             00000003
SSPIF                             00000003
SSPM0                             00000000
SSPM1                             00000001
SSPM2                             00000002
SSPM3                             00000003
SSPOV                             00000006
SSPSTAT                           00000094
STATUS                            00000003
SYNC                              00000004
T0CS                              00000005
T0IE                              00000005
T0IF                              00000002
T0SE                              00000004
T1CKPS0                           00000004
T1CKPS1                           00000005
T1CON                             00000010
T1INSYNC                          00000002
T1OSCEN                           00000003
T1SYNC                            00000002
T2CKPS0                           00000000
T2CKPS1                           00000001
T2CON                             00000012
TMR0                              00000001
TMR1CS                            00000001
TMR1H                             0000000F
TMR1IE                            00000000
TMR1IF                            00000000
TMR1L                             0000000E
TMR1ON                            00000000
TMR2                              00000011
TMR2IE                            00000001
TMR2IF                            00000001
TMR2ON                            00000002
TOUTPS0                           00000003
TOUTPS1                           00000004
TOUTPS2                           00000005
TOUTPS3                           00000006
TRISA                             00000085
TRISB                             00000086
TRISC                             00000087
TRISD                             00000088
TRISE                             00000089
TRISE0                            00000000
TRISE1                            00000001
MPASM  5.37                         DNY-3.ASM   11-6-2018  22:04:07         PAGE  8


SYMBOL TABLE
  LABEL                             VALUE 

TRISE2                            00000002
TRMT                              00000001
TX8_9                             00000006
TX9                               00000006
TX9D                              00000000
TXD8                              00000000
TXEN                              00000005
TXIE                              00000004
TXIF                              00000004
TXREG                             00000019
TXSTA                             00000098
UA                                00000001
W                                 00000000
WCOL                              00000007
WR                                00000001
WREN                              00000002
WRERR                             00000003
Z                                 00000002
_BODEN_OFF                        00003FBF
_BODEN_ON                         00003FFF
_CPD_OFF                          00003FFF
_CPD_ON                           00003EFF
_CP_ALL                           00000FCF
_CP_HALF                          00001FDF
_CP_OFF                           00003FFF
_CP_UPPER_256                     00002FEF
_DEBUG_OFF                        00003FFF
_DEBUG_ON                         000037FF
_HS_OSC                           00003FFE
_LP_OSC                           00003FFC
_LVP_OFF                          00003F7F
_LVP_ON                           00003FFF
_PWRTE_OFF                        00003FFF
_PWRTE_ON                         00003FF7
_RC_OSC                           00003FFF
_WDT_OFF                          00003FFB
_WDT_ON                           00003FFF
_WRT_ENABLE_OFF                   00003DFF
_WRT_ENABLE_ON                    00003FFF
_XT_OSC                           00003FFD
__16F877                          00000001
__DEBUG                           1
MPASM  5.37                         DNY-3.ASM   11-6-2018  22:04:07         PAGE  9


MEMORY USAGE MAP ('X' = Used,  '-' = Unused)


0000 : X---XXXXXXXXXXXX XXXXXXXXXXXXXXXX XXXXXXXXXXXXXXXX XXXXXXXXXXXXXXXX
0040 : XXXXXXXXXXXXXXXX XXXXXXXXXXXXXXXX XXXXX----------- ----------------
2000 : -------X-------- ---------------- ---------------- ----------------

All other memory blocks unused.

Program Memory Words Used:    98
Program Memory Words Free:  8094


Errors   :     0
Warnings :     8 reported,     0 suppressed
Messages :     7 reported,     0 suppressed

