MPASM  5.37                         DENEY.ASM   10-22-2018  19:16:40         PAGE  1


LOC  OBJECT CODE     LINE SOURCE TEXT
  VALUE

Warning[205]: Found directive in column 1. (list)
                      00001 list p=16F877
Warning[205]: Found directive in column 1. (INCLUDE)
                      00002 INCLUDE<P16F877.INC>
                      00001         LIST
                      00002 ; P16F877.INC  Standard Header File, Version 1.00    Microchip Technology, Inc.
                      00373         LIST
Warning[205]: Found directive in column 1. (__config)
2007   3F31           00003 __config H'3F31'
                      00004 
  00000022            00005 SAYI1   EQU     0X22
  00000023            00006 SAYI2   EQU     0X23
  00000025            00007 SONUCH  EQU     0X25
  00000026            00008 SONUCL  EQU     0X26
                      00009 
0000                  00010         ORG             0X000
0000   2804           00011         GOTO    SETUP
                      00012 
0004                  00013         ORG             0X004
                      00014 
0004                  00015 SETUP
                      00016 
0004   1683 1303      00017         BANKSEL ADCON1
0006   3006           00018         MOVLW   0X06
Message[302]: Register in operand not in bank 0.  Ensure that bank bits are correct.
0007   009F           00019         MOVWF   ADCON1
                      00020 
0008   1683 1303      00021         BANKSEL TRISA
Message[302]: Register in operand not in bank 0.  Ensure that bank bits are correct.
000A   1405           00022         BSF             TRISA,0
                      00023 
Message[302]: Register in operand not in bank 0.  Ensure that bank bits are correct.
000B   0186           00024         CLRF    TRISB
000C   1283 1303      00025         BANKSEL PORTA
000E   0185           00026         CLRF    PORTA
000F   0186           00027         CLRF    PORTB
0010   01A2           00028         CLRF    SAYI1
0011   01A3           00029         CLRF    SAYI2
0012   01A5           00030         CLRF    SONUCH
0013   01A6           00031         CLRF    SONUCL
                      00032 
0014   3062           00033         MOVLW   D'98'
0015   00A2           00034         MOVWF   SAYI1
0016   3038           00035         MOVLW   D'56'
0017   00A3           00036         MOVWF   SAYI2
                      00037 
0018                  00038 START
                      00039 
0018   0822           00040         MOVF    SAYI1,W
0019   07A6           00041         ADDWF   SONUCL,F
001A   1803           00042         BTFSC   STATUS,C
Message[305]: Using default destination of 1 (file).
001B   0AA5           00043         INCF    SONUCH
MPASM  5.37                         DENEY.ASM   10-22-2018  19:16:40         PAGE  2


LOC  OBJECT CODE     LINE SOURCE TEXT
  VALUE

001C   0BA3           00044         DECFSZ  SAYI2,F
001D   2818           00045         GOTO    START
                      00046         
001E                  00047 CONTROL
                      00048 
001E   1805           00049         BTFSC   PORTA,0
001F   2823           00050         GOTO    H_LED
0020   1C05           00051         BTFSS   PORTA,0
0021   2826           00052         GOTO    L_LED
0022   281E           00053         GOTO    CONTROL
                      00054 
0023                  00055 H_LED
                      00056 
0023   0825           00057         MOVF    SONUCH,W
0024   0086           00058         MOVWF   PORTB
0025   281E           00059         GOTO    CONTROL
                      00060 
0026                  00061 L_LED
                      00062 
0026   0826           00063         MOVF    SONUCL,W
0027   0086           00064         MOVWF   PORTB
0028   281E           00065         GOTO    CONTROL         
                      00066 
Warning[205]: Found directive in column 1. (END)
                      00067 END
MPASM  5.37                         DENEY.ASM   10-22-2018  19:16:40         PAGE  3


SYMBOL TABLE
  LABEL                             VALUE 

ACKDT                             00000005
ACKEN                             00000004
ACKSTAT                           00000006
ADCON0                            0000001F
ADCON1                            0000009F
ADCS0                             00000006
ADCS1                             00000007
ADDEN                             00000003
ADFM                              00000007
ADIE                              00000006
ADIF                              00000006
ADON                              00000000
ADRESH                            0000001E
ADRESL                            0000009E
BCLIE                             00000003
BCLIF                             00000003
BF                                00000000
BRGH                              00000002
C                                 00000000
CCP1CON                           00000017
CCP1IE                            00000002
CCP1IF                            00000002
CCP1M0                            00000000
CCP1M1                            00000001
CCP1M2                            00000002
CCP1M3                            00000003
CCP1X                             00000005
CCP1Y                             00000004
CCP2CON                           0000001D
CCP2IE                            00000000
CCP2IF                            00000000
CCP2M0                            00000000
CCP2M1                            00000001
CCP2M2                            00000002
CCP2M3                            00000003
CCP2X                             00000005
CCP2Y                             00000004
CCPR1H                            00000016
CCPR1L                            00000015
CCPR2H                            0000001C
CCPR2L                            0000001B
CHS0                              00000003
CHS1                              00000004
CHS2                              00000005
CKE                               00000006
CKP                               00000004
CONTROL                           0000001E
CREN                              00000004
CSRC                              00000007
D                                 00000005
DATA_ADDRESS                      00000005
DC                                00000001
D_A                               00000005
MPASM  5.37                         DENEY.ASM   10-22-2018  19:16:40         PAGE  4


SYMBOL TABLE
  LABEL                             VALUE 

EEADR                             0000010D
EEADRH                            0000010F
EECON1                            0000018C
EECON2                            0000018D
EEDATA                            0000010C
EEDATH                            0000010E
EEIE                              00000004
EEIF                              00000004
EEPGD                             00000007
F                                 00000001
FERR                              00000002
FSR                               00000004
GCEN                              00000007
GIE                               00000007
GO                                00000002
GO_DONE                           00000002
H_LED                             00000023
I2C_DATA                          00000005
I2C_READ                          00000002
I2C_START                         00000003
I2C_STOP                          00000004
IBF                               00000007
IBOV                              00000005
INDF                              00000000
INTCON                            0000000B
INTE                              00000004
INTEDG                            00000006
INTF                              00000001
IRP                               00000007
L_LED                             00000026
NOT_A                             00000005
NOT_ADDRESS                       00000005
NOT_BO                            00000000
NOT_BOR                           00000000
NOT_DONE                          00000002
NOT_PD                            00000003
NOT_POR                           00000001
NOT_RBPU                          00000007
NOT_RC8                           00000006
NOT_T1SYNC                        00000002
NOT_TO                            00000004
NOT_TX8                           00000006
NOT_W                             00000002
NOT_WRITE                         00000002
OBF                               00000006
OERR                              00000001
OPTION_REG                        00000081
P                                 00000004
PCFG0                             00000000
PCFG1                             00000001
PCFG2                             00000002
PCFG3                             00000003
PCL                               00000002
MPASM  5.37                         DENEY.ASM   10-22-2018  19:16:40         PAGE  5


SYMBOL TABLE
  LABEL                             VALUE 

PCLATH                            0000000A
PCON                              0000008E
PEIE                              00000006
PEN                               00000002
PIE1                              0000008C
PIE2                              0000008D
PIR1                              0000000C
PIR2                              0000000D
PORTA                             00000005
PORTB                             00000006
PORTC                             00000007
PORTD                             00000008
PORTE                             00000009
PR2                               00000092
PS0                               00000000
PS1                               00000001
PS2                               00000002
PSA                               00000003
PSPIE                             00000007
PSPIF                             00000007
PSPMODE                           00000004
R                                 00000002
RBIE                              00000003
RBIF                              00000000
RC8_9                             00000006
RC9                               00000006
RCD8                              00000000
RCEN                              00000003
RCIE                              00000005
RCIF                              00000005
RCREG                             0000001A
RCSTA                             00000018
RD                                00000000
READ_WRITE                        00000002
RP0                               00000005
RP1                               00000006
RSEN                              00000001
RX9                               00000006
RX9D                              00000000
R_W                               00000002
S                                 00000003
SAYI1                             00000022
SAYI2                             00000023
SEN                               00000000
SETUP                             00000004
SMP                               00000007
SONUCH                            00000025
SONUCL                            00000026
SPBRG                             00000099
SPEN                              00000007
SREN                              00000005
SSPADD                            00000093
SSPBUF                            00000013
MPASM  5.37                         DENEY.ASM   10-22-2018  19:16:40         PAGE  6


SYMBOL TABLE
  LABEL                             VALUE 

SSPCON                            00000014
SSPCON2                           00000091
SSPEN                             00000005
SSPIE                             00000003
SSPIF                             00000003
SSPM0                             00000000
SSPM1                             00000001
SSPM2                             00000002
SSPM3                             00000003
SSPOV                             00000006
SSPSTAT                           00000094
START                             00000018
STATUS                            00000003
SYNC                              00000004
T0CS                              00000005
T0IE                              00000005
T0IF                              00000002
T0SE                              00000004
T1CKPS0                           00000004
T1CKPS1                           00000005
T1CON                             00000010
T1INSYNC                          00000002
T1OSCEN                           00000003
T1SYNC                            00000002
T2CKPS0                           00000000
T2CKPS1                           00000001
T2CON                             00000012
TMR0                              00000001
TMR1CS                            00000001
TMR1H                             0000000F
TMR1IE                            00000000
TMR1IF                            00000000
TMR1L                             0000000E
TMR1ON                            00000000
TMR2                              00000011
TMR2IE                            00000001
TMR2IF                            00000001
TMR2ON                            00000002
TOUTPS0                           00000003
TOUTPS1                           00000004
TOUTPS2                           00000005
TOUTPS3                           00000006
TRISA                             00000085
TRISB                             00000086
TRISC                             00000087
TRISD                             00000088
TRISE                             00000089
TRISE0                            00000000
TRISE1                            00000001
TRISE2                            00000002
TRMT                              00000001
TX8_9                             00000006
TX9                               00000006
MPASM  5.37                         DENEY.ASM   10-22-2018  19:16:40         PAGE  7


SYMBOL TABLE
  LABEL                             VALUE 

TX9D                              00000000
TXD8                              00000000
TXEN                              00000005
TXIE                              00000004
TXIF                              00000004
TXREG                             00000019
TXSTA                             00000098
UA                                00000001
W                                 00000000
WCOL                              00000007
WR                                00000001
WREN                              00000002
WRERR                             00000003
Z                                 00000002
_BODEN_OFF                        00003FBF
_BODEN_ON                         00003FFF
_CPD_OFF                          00003FFF
_CPD_ON                           00003EFF
_CP_ALL                           00000FCF
_CP_HALF                          00001FDF
_CP_OFF                           00003FFF
_CP_UPPER_256                     00002FEF
_DEBUG_OFF                        00003FFF
_DEBUG_ON                         000037FF
_HS_OSC                           00003FFE
_LP_OSC                           00003FFC
_LVP_OFF                          00003F7F
_LVP_ON                           00003FFF
_PWRTE_OFF                        00003FFF
_PWRTE_ON                         00003FF7
_RC_OSC                           00003FFF
_WDT_OFF                          00003FFB
_WDT_ON                           00003FFF
_WRT_ENABLE_OFF                   00003DFF
_WRT_ENABLE_ON                    00003FFF
_XT_OSC                           00003FFD
__16F877                          00000001
__DEBUG                           1


MEMORY USAGE MAP ('X' = Used,  '-' = Unused)

0000 : X---XXXXXXXXXXXX XXXXXXXXXXXXXXXX XXXXXXXXX------- ----------------
2000 : -------X-------- ---------------- ---------------- ----------------

All other memory blocks unused.

Program Memory Words Used:    38
Program Memory Words Free:  8154


MPASM  5.37                         DENEY.ASM   10-22-2018  19:16:40         PAGE  8





Errors   :     0
Warnings :     4 reported,     0 suppressed
Messages :     4 reported,     0 suppressed

