MPASM  5.37                         DNY-2.ASM   10-30-2018  10:50:52         PAGE  1


LOC  OBJECT CODE     LINE SOURCE TEXT
  VALUE

Warning[205]: Found directive in column 1. (list)
                      00001 list p=16F877
Warning[205]: Found directive in column 1. (INCLUDE)
                      00002 INCLUDE <P16F877.INC>
                      00001         LIST
                      00002 ; P16F877.INC  Standard Header File, Version 1.00    Microchip Technology, Inc.
                      00373         LIST
Warning[205]: Found directive in column 1. (__config)
2007   3F31           00003 __config H'3F31'
                      00004 
  00000022            00005 COUNTER         EQU     0X22
  00000023            00006 REFERENCE       EQU     0X23
                      00007 
  00000024            00008 COUNTER2        EQU     0X24
  00000025            00009 COUNTER3        EQU     0X25            
                      00010 
0000                  00011         ORG     0X00
0000   2814           00012         GOTO    SETUP
                      00013 
0004                  00014         ORG     0X04
0004   2805           00015         GOTO    INTERRUPT
                      00016 
0005                  00017 INTERRUPT
                      00018 
0005   1C0C           00019         BTFSS   PIR1,TMR1IF
0006   0009           00020         RETFIE
0007   100C           00021         BCF             PIR1,TMR1IF
                      00022         
0008   1283 1303      00023         BANKSEL TMR1H
                      00024 
000A   303C           00025         MOVLW   0X3C
000B   008F           00026         MOVWF   TMR1H
000C   30B0           00027         MOVLW   0XB0
000D   008E           00028         MOVWF   TMR1L
000E   0BA2           00029         DECFSZ  COUNTER,1
000F   0009           00030         RETFIE
0010   0823           00031         MOVF    REFERENCE,W
0011   00A2           00032         MOVWF   COUNTER
0012   0A86           00033         INCF    PORTB,F
0013   0009           00034         RETFIE
                      00035 
0014                  00036 SETUP
                      00037         
0014   1683 1303      00038         BANKSEL ADCON1
0016   3006           00039         MOVLW   0X06
Message[302]: Register in operand not in bank 0.  Ensure that bank bits are correct.
0017   009F           00040         MOVWF   ADCON1
                      00041 
0018   1683 1303      00042         BANKSEL TRISB
Message[302]: Register in operand not in bank 0.  Ensure that bank bits are correct.
001A   1405           00043         BSF             TRISA,0
Message[302]: Register in operand not in bank 0.  Ensure that bank bits are correct.
001B   1485           00044         BSF             TRISA,1
MPASM  5.37                         DNY-2.ASM   10-30-2018  10:50:52         PAGE  2


LOC  OBJECT CODE     LINE SOURCE TEXT
  VALUE

Message[302]: Register in operand not in bank 0.  Ensure that bank bits are correct.
001C   0186           00045         CLRF    TRISB
001D   1283 1303      00046         BANKSEL PORTB
001F   0185           00047         CLRF    PORTA
0020   0186           00048         CLRF    PORTB
                      00049 
0021   1283 1303      00050         BANKSEL INTCON
0023   178B           00051         BSF             INTCON,GIE
0024   170B           00052         BSF             INTCON,PEIE
                      00053 
0025   1683 1303      00054         BANKSEL PIE1
Message[302]: Register in operand not in bank 0.  Ensure that bank bits are correct.
0027   140C           00055         BSF             PIE1,TMR1IE
                      00056 
0028   1283 1303      00057         BANKSEL TMR1H
002A   303C           00058         MOVLW   0X3C
002B   008F           00059         MOVWF   TMR1H
002C   30B0           00060         MOVLW   0XB0
002D   008E           00061         MOVWF   TMR1L
                      00062 
002E   1283 1303      00063         BANKSEL T1CON
0030   3011           00064         MOVLW   B'00010001'
0031   0090           00065         MOVWF   T1CON
                      00066 
0032   1283 1303      00067         BANKSEL COUNTER
0034   300A           00068         MOVLW   0x0A
0035   00A2           00069         MOVWF   COUNTER
0036   00A3           00070         MOVWF   REFERENCE
                      00071 
0037                  00072 LOOP
                      00073 
0037   2048           00074         CALL    DELAY
0038   1805           00075         BTFSC   PORTA,0
0039   283E           00076         GOTO    INCREMENT
003A   2048           00077         CALL    DELAY
003B   1C85           00078         BTFSS   PORTA,1
003C   2837           00079         GOTO    LOOP
003D   2843           00080         GOTO    DECREMENT
                      00081         
003E                  00082 INCREMENT
                      00083 
003E   300F           00084         MOVLW   0X0F
003F   0223           00085         SUBWF   REFERENCE,W
0040   1C03           00086         BTFSS   STATUS,C
Message[305]: Using default destination of 1 (file).
0041   0AA3           00087         INCF    REFERENCE
0042   2837           00088         GOTO    LOOP
                      00089 
0043                  00090 DECREMENT
                      00091 
0043   3005           00092         MOVLW   0X05
0044   0223           00093         SUBWF   REFERENCE,W
0045   1D03           00094         BTFSS   STATUS,Z
MPASM  5.37                         DNY-2.ASM   10-30-2018  10:50:52         PAGE  3


LOC  OBJECT CODE     LINE SOURCE TEXT
  VALUE

Message[305]: Using default destination of 1 (file).
0046   03A3           00095         DECF    REFERENCE
0047   2837           00096         GOTO    LOOP
                      00097 
0048                  00098 DELAY
                      00099         
0048   30A0           00100         MOVLW   0XA0    
0049   00A4           00101         MOVWF   COUNTER2
                      00102 
004A                  00103 D1      
                      00104         
004A   30A0           00105         MOVLW   0XA0
004B   00A5           00106         MOVWF   COUNTER3
                      00107 
004C                  00108 D2
                      00109         
Message[305]: Using default destination of 1 (file).
004C   0BA5           00110         DECFSZ  COUNTER3
004D   284C           00111         GOTO    D2
Message[305]: Using default destination of 1 (file).
004E   0BA4           00112         DECFSZ  COUNTER2
004F   284A           00113         GOTO    D1
0050   0008           00114         RETURN
                      00115         
Warning[205]: Found directive in column 1. (END)
                      00116 END
MPASM  5.37                         DNY-2.ASM   10-30-2018  10:50:52         PAGE  4


SYMBOL TABLE
  LABEL                             VALUE 

ACKDT                             00000005
ACKEN                             00000004
ACKSTAT                           00000006
ADCON0                            0000001F
ADCON1                            0000009F
ADCS0                             00000006
ADCS1                             00000007
ADDEN                             00000003
ADFM                              00000007
ADIE                              00000006
ADIF                              00000006
ADON                              00000000
ADRESH                            0000001E
ADRESL                            0000009E
BCLIE                             00000003
BCLIF                             00000003
BF                                00000000
BRGH                              00000002
C                                 00000000
CCP1CON                           00000017
CCP1IE                            00000002
CCP1IF                            00000002
CCP1M0                            00000000
CCP1M1                            00000001
CCP1M2                            00000002
CCP1M3                            00000003
CCP1X                             00000005
CCP1Y                             00000004
CCP2CON                           0000001D
CCP2IE                            00000000
CCP2IF                            00000000
CCP2M0                            00000000
CCP2M1                            00000001
CCP2M2                            00000002
CCP2M3                            00000003
CCP2X                             00000005
CCP2Y                             00000004
CCPR1H                            00000016
CCPR1L                            00000015
CCPR2H                            0000001C
CCPR2L                            0000001B
CHS0                              00000003
CHS1                              00000004
CHS2                              00000005
CKE                               00000006
CKP                               00000004
COUNTER                           00000022
COUNTER2                          00000024
COUNTER3                          00000025
CREN                              00000004
CSRC                              00000007
D                                 00000005
D1                                0000004A
MPASM  5.37                         DNY-2.ASM   10-30-2018  10:50:52         PAGE  5


SYMBOL TABLE
  LABEL                             VALUE 

D2                                0000004C
DATA_ADDRESS                      00000005
DC                                00000001
DECREMENT                         00000043
DELAY                             00000048
D_A                               00000005
EEADR                             0000010D
EEADRH                            0000010F
EECON1                            0000018C
EECON2                            0000018D
EEDATA                            0000010C
EEDATH                            0000010E
EEIE                              00000004
EEIF                              00000004
EEPGD                             00000007
F                                 00000001
FERR                              00000002
FSR                               00000004
GCEN                              00000007
GIE                               00000007
GO                                00000002
GO_DONE                           00000002
I2C_DATA                          00000005
I2C_READ                          00000002
I2C_START                         00000003
I2C_STOP                          00000004
IBF                               00000007
IBOV                              00000005
INCREMENT                         0000003E
INDF                              00000000
INTCON                            0000000B
INTE                              00000004
INTEDG                            00000006
INTERRUPT                         00000005
INTF                              00000001
IRP                               00000007
LOOP                              00000037
NOT_A                             00000005
NOT_ADDRESS                       00000005
NOT_BO                            00000000
NOT_BOR                           00000000
NOT_DONE                          00000002
NOT_PD                            00000003
NOT_POR                           00000001
NOT_RBPU                          00000007
NOT_RC8                           00000006
NOT_T1SYNC                        00000002
NOT_TO                            00000004
NOT_TX8                           00000006
NOT_W                             00000002
NOT_WRITE                         00000002
OBF                               00000006
OERR                              00000001
MPASM  5.37                         DNY-2.ASM   10-30-2018  10:50:52         PAGE  6


SYMBOL TABLE
  LABEL                             VALUE 

OPTION_REG                        00000081
P                                 00000004
PCFG0                             00000000
PCFG1                             00000001
PCFG2                             00000002
PCFG3                             00000003
PCL                               00000002
PCLATH                            0000000A
PCON                              0000008E
PEIE                              00000006
PEN                               00000002
PIE1                              0000008C
PIE2                              0000008D
PIR1                              0000000C
PIR2                              0000000D
PORTA                             00000005
PORTB                             00000006
PORTC                             00000007
PORTD                             00000008
PORTE                             00000009
PR2                               00000092
PS0                               00000000
PS1                               00000001
PS2                               00000002
PSA                               00000003
PSPIE                             00000007
PSPIF                             00000007
PSPMODE                           00000004
R                                 00000002
RBIE                              00000003
RBIF                              00000000
RC8_9                             00000006
RC9                               00000006
RCD8                              00000000
RCEN                              00000003
RCIE                              00000005
RCIF                              00000005
RCREG                             0000001A
RCSTA                             00000018
RD                                00000000
READ_WRITE                        00000002
REFERENCE                         00000023
RP0                               00000005
RP1                               00000006
RSEN                              00000001
RX9                               00000006
RX9D                              00000000
R_W                               00000002
S                                 00000003
SEN                               00000000
SETUP                             00000014
SMP                               00000007
SPBRG                             00000099
MPASM  5.37                         DNY-2.ASM   10-30-2018  10:50:52         PAGE  7


SYMBOL TABLE
  LABEL                             VALUE 

SPEN                              00000007
SREN                              00000005
SSPADD                            00000093
SSPBUF                            00000013
SSPCON                            00000014
SSPCON2                           00000091
SSPEN                             00000005
SSPIE                             00000003
SSPIF                             00000003
SSPM0                             00000000
SSPM1                             00000001
SSPM2                             00000002
SSPM3                             00000003
SSPOV                             00000006
SSPSTAT                           00000094
STATUS                            00000003
SYNC                              00000004
T0CS                              00000005
T0IE                              00000005
T0IF                              00000002
T0SE                              00000004
T1CKPS0                           00000004
T1CKPS1                           00000005
T1CON                             00000010
T1INSYNC                          00000002
T1OSCEN                           00000003
T1SYNC                            00000002
T2CKPS0                           00000000
T2CKPS1                           00000001
T2CON                             00000012
TMR0                              00000001
TMR1CS                            00000001
TMR1H                             0000000F
TMR1IE                            00000000
TMR1IF                            00000000
TMR1L                             0000000E
TMR1ON                            00000000
TMR2                              00000011
TMR2IE                            00000001
TMR2IF                            00000001
TMR2ON                            00000002
TOUTPS0                           00000003
TOUTPS1                           00000004
TOUTPS2                           00000005
TOUTPS3                           00000006
TRISA                             00000085
TRISB                             00000086
TRISC                             00000087
TRISD                             00000088
TRISE                             00000089
TRISE0                            00000000
TRISE1                            00000001
TRISE2                            00000002
MPASM  5.37                         DNY-2.ASM   10-30-2018  10:50:52         PAGE  8


SYMBOL TABLE
  LABEL                             VALUE 

TRMT                              00000001
TX8_9                             00000006
TX9                               00000006
TX9D                              00000000
TXD8                              00000000
TXEN                              00000005
TXIE                              00000004
TXIF                              00000004
TXREG                             00000019
TXSTA                             00000098
UA                                00000001
W                                 00000000
WCOL                              00000007
WR                                00000001
WREN                              00000002
WRERR                             00000003
Z                                 00000002
_BODEN_OFF                        00003FBF
_BODEN_ON                         00003FFF
_CPD_OFF                          00003FFF
_CPD_ON                           00003EFF
_CP_ALL                           00000FCF
_CP_HALF                          00001FDF
_CP_OFF                           00003FFF
_CP_UPPER_256                     00002FEF
_DEBUG_OFF                        00003FFF
_DEBUG_ON                         000037FF
_HS_OSC                           00003FFE
_LP_OSC                           00003FFC
_LVP_OFF                          00003F7F
_LVP_ON                           00003FFF
_PWRTE_OFF                        00003FFF
_PWRTE_ON                         00003FF7
_RC_OSC                           00003FFF
_WDT_OFF                          00003FFB
_WDT_ON                           00003FFF
_WRT_ENABLE_OFF                   00003DFF
_WRT_ENABLE_ON                    00003FFF
_XT_OSC                           00003FFD
__16F877                          00000001
__DEBUG                           1
MPASM  5.37                         DNY-2.ASM   10-30-2018  10:50:52         PAGE  9


MEMORY USAGE MAP ('X' = Used,  '-' = Unused)


0000 : X---XXXXXXXXXXXX XXXXXXXXXXXXXXXX XXXXXXXXXXXXXXXX XXXXXXXXXXXXXXXX
0040 : XXXXXXXXXXXXXXXX X--------------- ---------------- ----------------
2000 : -------X-------- ---------------- ---------------- ----------------

All other memory blocks unused.

Program Memory Words Used:    78
Program Memory Words Free:  8114


Errors   :     0
Warnings :     4 reported,     0 suppressed
Messages :     9 reported,     0 suppressed

